2024-08-22T11:54:35 level=info severity=7 message=Server is running at http://localhost:3000 name= code=undefined userID=0 isOperational= stack=
2024-08-22T11:54:43 level=info severity=7 message=*toolStocks-getAll* Got 0 toolStocks name= code=undefined userID=4225b995-4211-40ef-aa35-c5f8b70eaa97 isOperational= stack=
2024-08-22T11:54:43 level=info severity=7 message=*tools-getAll* Got 24 tools name= code=undefined userID=4225b995-4211-40ef-aa35-c5f8b70eaa97 isOperational= stack=
2024-08-22T11:54:43 level=info severity=7 message=*ingredientStocks-getAll* Got 6 ingredientStocks name= code=undefined userID=4225b995-4211-40ef-aa35-c5f8b70eaa97 isOperational= stack=
2024-08-22T11:54:43 level=info severity=7 message=*ingredients-getAll* Got 48 ingredients name= code=undefined userID=4225b995-4211-40ef-aa35-c5f8b70eaa97 isOperational= stack=
2024-08-22T11:54:43 level=info severity=7 message=*recipes-getAll* Got 5 recipes name= code=undefined userID=4225b995-4211-40ef-aa35-c5f8b70eaa97 isOperational= stack=
2024-08-22T11:54:44 level=info severity=7 message=*recipeCategories-getAll* Got 34 recipeCategories name= code=undefined userID=ade96f70-4ec5-4ab9-adfe-0645b16e1ced isOperational= stack=
2024-08-22T11:54:44 level=info severity=7 message=*recipeTools-getAll* Error getting recipeTools: null name= code=undefined userID=4225b995-4211-40ef-aa35-c5f8b70eaa97 isOperational= stack=
2024-08-22T11:54:44 level=info severity=7 message=*recipeIngredients-getAll* Got 47 recipeIngredients name= code=undefined userID=4225b995-4211-40ef-aa35-c5f8b70eaa97 isOperational= stack=
2024-08-22T11:54:44 level=info severity=7 message=*recipes-getByID* Got recipe name= code=undefined userID=a525810e-5531-4f97-95a4-39a082f7416b isOperational= stack=
2024-08-22T11:54:44 level=info severity=7 message=*recipes-getRecipeSubscriptions* sourceRecipe: {"recipeID":1124022400010010,"title":"Baba Ganoush","servings":4,"recipeCategoryID":4,"lifespanDays":1,"userID":"a525810e-5531-4f97-95a4-39a082f7416b","deleted":false,"status":"published","timePrep":10,"timeBake":60,"photoURL":"https://s3.us-west-2.amazonaws.com/dl.images-compressed/recipe/a525810e-5531-4f97-95a4-39a082f7416b/baba-ganoush.jpg","version":22,"type":"public","discoverPage":true,"freeTier":false,"sourceAuthor":null,"sourceURL":null} name= code=undefined userID=4225b995-4211-40ef-aa35-c5f8b70eaa97 isOperational= stack=
2024-08-22T11:54:44 level=info severity=7 message=*steps-getAll* Got 58 steps name= code=undefined userID=4225b995-4211-40ef-aa35-c5f8b70eaa97 isOperational= stack=
2024-08-22T11:54:44 level=info severity=7 message=*recipes-getDiscover* Got 295 discoverRecipes name= code=undefined userID=4225b995-4211-40ef-aa35-c5f8b70eaa97 isOperational= stack=
2024-08-22T11:54:44 level=info severity=7 message=*recipeSteps-getAll* Got 17 recipeSteps name= code=undefined userID=4225b995-4211-40ef-aa35-c5f8b70eaa97 isOperational= stack=
2024-08-22T11:54:44 level=info severity=7 message=*friendships-getAll* Got 4 friendships name= code=undefined userID=4225b995-4211-40ef-aa35-c5f8b70eaa97 isOperational= stack=
2024-08-22T11:54:44 level=info severity=7 message=*followships-getAll* Got 2 followships name= code=undefined userID=4225b995-4211-40ef-aa35-c5f8b70eaa97 isOperational= stack=
2024-08-22T11:54:44 level=info severity=7 message=*followships-getAllFollowers* Got 3 follower followships name= code=undefined userID=4225b995-4211-40ef-aa35-c5f8b70eaa97 isOperational= stack=
2024-08-22T11:54:44 level=info severity=7 message=*profiles-getFriends* Successfully retrieved 0 friends with status: receivedRequest for userID 4225b995-4211-40ef-aa35-c5f8b70eaa97 name= code=undefined userID=4225b995-4211-40ef-aa35-c5f8b70eaa97 isOperational= stack=
2024-08-22T11:54:44 level=info severity=7 message=*recipes-getByID* Got recipe name= code=undefined userID=a525810e-5531-4f97-95a4-39a082f7416b isOperational= stack=
2024-08-22T11:54:44 level=info severity=7 message=*recipes-getRecipeSubscriptions* sourceRecipe: {"recipeID":1124022500010028,"title":"Basic Chinese Congee","servings":4,"recipeCategoryID":6,"lifespanDays":3,"userID":"a525810e-5531-4f97-95a4-39a082f7416b","deleted":false,"status":"published","timePrep":20,"timeBake":60,"photoURL":"https://s3.us-west-2.amazonaws.com/dl.images-compressed/recipe/a525810e-5531-4f97-95a4-39a082f7416b/congee.jpg","version":28,"type":"public","discoverPage":true,"freeTier":false,"sourceAuthor":"Food & Wine","sourceURL":"https://www.foodandwine.com/recipes/basic-chinese-congee"} name= code=undefined userID=4225b995-4211-40ef-aa35-c5f8b70eaa97 isOperational= stack=
2024-08-22T11:54:45 level=info severity=7 message=*profiles-getFriends* Successfully retrieved 0 friends with status: requesting for userID 4225b995-4211-40ef-aa35-c5f8b70eaa97 name= code=undefined userID=4225b995-4211-40ef-aa35-c5f8b70eaa97 isOperational= stack=
2024-08-22T11:54:45 level=info severity=7 message=*profiles-getFollowers* Successfully retrieved 3 followers for userID 4225b995-4211-40ef-aa35-c5f8b70eaa97 name= code=undefined userID=4225b995-4211-40ef-aa35-c5f8b70eaa97 isOperational= stack=
2024-08-22T11:54:45 level=info severity=7 message=*profiles-getFollowing* Successfully retrieved 2 following for userID 4225b995-4211-40ef-aa35-c5f8b70eaa97 name= code=undefined userID=4225b995-4211-40ef-aa35-c5f8b70eaa97 isOperational= stack=
2024-08-22T11:54:45 level=info severity=7 message=*shoppingLists-getShoppingLists* Got 1 shopping lists name= code=undefined userID=4225b995-4211-40ef-aa35-c5f8b70eaa97 isOperational= stack=
2024-08-22T11:54:45 level=info severity=7 message=*shoppingLists-getShared* Got 2 shared shopping lists name= code=undefined userID=4225b995-4211-40ef-aa35-c5f8b70eaa97 isOperational= stack=
2024-08-22T11:54:45 level=info severity=7 message=*listRecipes-getAllShoppingListRecipes* Got 1 shoppingListRecipes name= code=undefined userID=4225b995-4211-40ef-aa35-c5f8b70eaa97 isOperational= stack=
2024-08-22T11:54:45 level=info severity=7 message=*profiles-getFriends* Successfully retrieved 4 friends with status: confirmed for userID 4225b995-4211-40ef-aa35-c5f8b70eaa97 name= code=undefined userID=4225b995-4211-40ef-aa35-c5f8b70eaa97 isOperational= stack=
2024-08-22T11:54:45 level=info severity=7 message=*recipes-getRecipeSubscriptions* Got 2 recipeSubscriptions for userID: 4225b995-4211-40ef-aa35-c5f8b70eaa97 name= code=undefined userID=4225b995-4211-40ef-aa35-c5f8b70eaa97 isOperational= stack=
2024-08-22T11:54:45 level=info severity=7 message=*dbLogger-createUserLog* **USER LOG ENTRY ID: 7224082200011112** dataLoaded|subjectID:1|oldValue:null|newValue:null name= code=undefined userID=4225b995-4211-40ef-aa35-c5f8b70eaa97 isOperational= stack=
2024-08-22T11:54:47 level=info severity=7 message=*listIngredients-getIngredientsByShoppingList* Got 2 shoppingListIngredients for shoppingList: 2624062600022223 name= code=undefined userID=0 isOperational= stack=
2024-08-22T11:54:47 level=info severity=7 message=*listRecipes-getRecipesByShoppingList* Got 1 recipes for shoppingList 2624062600022223 name= code=undefined userID=4225b995-4211-40ef-aa35-c5f8b70eaa97 isOperational= stack=
2024-08-22T11:54:47 level=info severity=7 message=*dbLogger-createShoppingLog* **SHOPPING LOG ENTRY ID: 7324082200011112** deleteRecipeFromShoppingList|subjectID:2824071000022223|oldValue:null|newValue:null name= code=undefined userID=4225b995-4211-40ef-aa35-c5f8b70eaa97 isOperational= stack=
2024-08-22T11:54:47 level=info severity=7 message=*listRecipes-getRecipesByShoppingList* Got 0 recipes for shoppingList 2624062600022223 name= code=undefined userID=4225b995-4211-40ef-aa35-c5f8b70eaa97 isOperational= stack=
2024-08-22T11:54:47 level=info severity=7 message=*listRecipes-getRecipesByShoppingList* Got 0 recipes for shoppingList 2624062600022223 name= code=undefined userID=4225b995-4211-40ef-aa35-c5f8b70eaa97 isOperational= stack=
2024-08-22T11:55:10 level=info severity=7 message=*recipes-getRecipeSteps* Got 5 recipeSteps for recipeID: 1124022400010007 name= code=undefined userID=a525810e-5531-4f97-95a4-39a082f7416b isOperational= stack=
2024-08-22T11:55:10 level=info severity=7 message=*recipes-getByID* Got recipe name= code=undefined userID=a525810e-5531-4f97-95a4-39a082f7416b isOperational= stack=
2024-08-22T11:55:10 level=info severity=7 message=*recipes-getRecipeTools* Got 1 recipeTools for recipeID: 1124022400010007 name= code=undefined userID=a525810e-5531-4f97-95a4-39a082f7416b isOperational= stack=
2024-08-22T11:55:10 level=info severity=7 message=*recipes-getRecipeIngredients* Got 10 recipeIngredients for recipeID: 1124022400010007 name= code=undefined userID=a525810e-5531-4f97-95a4-39a082f7416b isOperational= stack=
2024-08-22T11:55:10 level=info severity=7 message=*recipes-getRecipeSubscriptionsByRecipeID* Found 1 subscriptions for recipe: 1124022400010007 name= code=undefined userID=4225b995-4211-40ef-aa35-c5f8b70eaa97 isOperational= stack=
2024-08-22T11:55:10 level=info severity=7 message=*ingredients-getIngredientByID* Got ingredient name= code=undefined userID=a525810e-5531-4f97-95a4-39a082f7416b isOperational= stack=
2024-08-22T11:55:10 level=info severity=7 message=*ingredients-getIngredientByID* Got ingredient name= code=undefined userID=a525810e-5531-4f97-95a4-39a082f7416b isOperational= stack=
2024-08-22T11:55:10 level=info severity=7 message=*ingredients-getIngredientByID* Got ingredient name= code=undefined userID=a525810e-5531-4f97-95a4-39a082f7416b isOperational= stack=
2024-08-22T11:55:10 level=info severity=7 message=*tools-getByID* Got tool name= code=undefined userID=4225b995-4211-40ef-aa35-c5f8b70eaa97 isOperational= stack=
2024-08-22T11:55:10 level=info severity=7 message=*ingredients-getIngredientByID* Got ingredient name= code=undefined userID=a525810e-5531-4f97-95a4-39a082f7416b isOperational= stack=
2024-08-22T11:55:10 level=info severity=7 message=*ingredients-getIngredientByID* Got ingredient name= code=undefined userID=a525810e-5531-4f97-95a4-39a082f7416b isOperational= stack=
2024-08-22T11:55:10 level=info severity=7 message=*ingredients-getIngredientByID* Got ingredient name= code=undefined userID=a525810e-5531-4f97-95a4-39a082f7416b isOperational= stack=
2024-08-22T11:55:10 level=info severity=7 message=*ingredients-getIngredientByID* Got ingredient name= code=undefined userID=a525810e-5531-4f97-95a4-39a082f7416b isOperational= stack=
2024-08-22T11:55:10 level=info severity=7 message=*ingredients-getIngredientByID* Got ingredient name= code=undefined userID=a525810e-5531-4f97-95a4-39a082f7416b isOperational= stack=
2024-08-22T11:55:11 level=info severity=7 message=*ingredients-getIngredientByID* Got ingredient name= code=undefined userID=a525810e-5531-4f97-95a4-39a082f7416b isOperational= stack=
2024-08-22T11:55:11 level=info severity=7 message=*ingredients-getIngredientByID* Got ingredient name= code=undefined userID=a525810e-5531-4f97-95a4-39a082f7416b isOperational= stack=
2024-08-22T11:55:13 level=info severity=7 message='*unitRatios-getUnitRatioProcessor* getUnitRatioProcessor'. UNITA: weightOunce UNITB: tablespoon name= code=undefined userID=4225b995-4211-40ef-aa35-c5f8b70eaa97 isOperational= stack=
2024-08-22T11:55:13 level=info severity=7 message='*unitRatios-getUnitRatioProcessor* getUnitRatioProcessor'. UNITA: fluidOunce UNITB: tablespoon name= code=undefined userID=4225b995-4211-40ef-aa35-c5f8b70eaa97 isOperational= stack=
2024-08-22T11:55:13 level=info severity=7 message=*unitRatioStoreService-getUnitRatio* Common ratio found for fluidOunce-tablespoon: 0.5 name= code=undefined userID=0 isOperational= stack=
2024-08-22T11:55:13 level=info severity=7 message='*unitRatios-getUnitRatioProcessor* getUnitRatioProcessor'. UNITA: bunch UNITB: tablespoon name= code=undefined userID=4225b995-4211-40ef-aa35-c5f8b70eaa97 isOperational= stack=
2024-08-22T11:55:13 level=info severity=7 message='*unitRatios-getUnitRatioProcessor* getUnitRatioProcessor'. UNITA: fluidOunce UNITB: cup name= code=undefined userID=4225b995-4211-40ef-aa35-c5f8b70eaa97 isOperational= stack=
2024-08-22T11:55:13 level=info severity=7 message=*unitRatioStoreService-getUnitRatio* Common ratio found for fluidOunce-cup: 8 name= code=undefined userID=0 isOperational= stack=
2024-08-22T11:55:13 level=info severity=7 message='*unitRatios-getUnitRatioProcessor* getUnitRatioProcessor'. UNITA: weightOunce UNITB: pinch name= code=undefined userID=4225b995-4211-40ef-aa35-c5f8b70eaa97 isOperational= stack=
2024-08-22T11:55:13 level=info severity=7 message=*unitRatioStoreService-getUnitRatio* Store ratio found for Black Pepper-weightOunce-pinch: 0.05 name= code=undefined userID=0 isOperational= stack=
2024-08-22T11:55:13 level=info severity=7 message=*unitRatioStoreService-getUnitRatio* Store ratio found for Fresh Parsley-bunch-tablespoon: 0.5 name= code=undefined userID=0 isOperational= stack=
2024-08-22T11:55:13 level=info severity=7 message=*unitRatioStoreService-getUnitRatio* No store ratio found for Fresh Garlic-weightOunce-tablespoon, asking AI name= code=undefined userID=0 isOperational= stack=
2024-08-22T11:55:14 level=info severity=7 message=*aiHandlers-getUnitRatioAI* UNIT CONVERSION VERTEXAI Fresh Garlic-weightOunce-tablespoon RESPONSE: 0.5 name= code=undefined userID=0 isOperational= stack=
2024-08-22T11:55:14 level=info severity=7 message=*aiHandlers-getUnitRatioAI* CHARACTER COUNT: 347, COST: $0.00008675 name= code=undefined userID=0 isOperational= stack=
2024-08-22T11:55:14 level=info severity=7 message=*unitRatioStoreService-getUnitRatio* AI estimate for Fresh Garlic-weightOunce-tablespoon: 0.5. name= code=undefined userID=0 isOperational= stack=
2024-08-22T11:55:14 level=info severity=7 message=*unitRatioStoreService-addUnitRatio* Added unit ratio 'Fresh Garlic-weightOunce-tablespoon' in draft currentStatus name= code=undefined userID=0 isOperational= stack=
2024-08-22T11:55:24 level=info severity=7 message=*dbLogger-createKitchenLog* **KITCHEN LOG ENTRY ID: 7024082200011112** updateIngredientStocks-grams|subjectID:1324071100000005|oldValue:150|newValue:200 name= code=undefined userID=4225b995-4211-40ef-aa35-c5f8b70eaa97 isOperational= stack=
2024-08-22T11:58:06 level=info severity=7 message=Server is running at http://localhost:3000 name= code=undefined userID=0 isOperational= stack=
2024-08-22T11:58:27 level=info severity=7 message=*ingredients-getAll* Got 48 ingredients name= code=undefined userID=4225b995-4211-40ef-aa35-c5f8b70eaa97 isOperational= stack=
2024-08-22T11:58:27 level=info severity=7 message=*ingredientStocks-getAll* Got 6 ingredientStocks name= code=undefined userID=4225b995-4211-40ef-aa35-c5f8b70eaa97 isOperational= stack=
2024-08-22T11:58:27 level=info severity=7 message=*toolStocks-getAll* Got 0 toolStocks name= code=undefined userID=4225b995-4211-40ef-aa35-c5f8b70eaa97 isOperational= stack=
2024-08-22T11:58:27 level=info severity=7 message=*tools-getAll* Got 24 tools name= code=undefined userID=4225b995-4211-40ef-aa35-c5f8b70eaa97 isOperational= stack=
2024-08-22T11:58:27 level=info severity=7 message=*recipes-getAll* Got 5 recipes name= code=undefined userID=4225b995-4211-40ef-aa35-c5f8b70eaa97 isOperational= stack=
2024-08-22T11:58:27 level=info severity=7 message=*recipes-getDiscover* Got 295 discoverRecipes name= code=undefined userID=4225b995-4211-40ef-aa35-c5f8b70eaa97 isOperational= stack=
2024-08-22T11:58:27 level=info severity=7 message=*recipeCategories-getAll* Got 34 recipeCategories name= code=undefined userID=ade96f70-4ec5-4ab9-adfe-0645b16e1ced isOperational= stack=
2024-08-22T11:58:27 level=info severity=7 message=*recipeIngredients-getAll* Got 47 recipeIngredients name= code=undefined userID=4225b995-4211-40ef-aa35-c5f8b70eaa97 isOperational= stack=
2024-08-22T11:58:27 level=info severity=7 message=*recipes-getByID* Got recipe name= code=undefined userID=a525810e-5531-4f97-95a4-39a082f7416b isOperational= stack=
2024-08-22T11:58:27 level=info severity=7 message=*recipes-getRecipeSubscriptions* sourceRecipe: {"recipeID":1124022400010010,"title":"Baba Ganoush","servings":4,"recipeCategoryID":4,"lifespanDays":1,"userID":"a525810e-5531-4f97-95a4-39a082f7416b","deleted":false,"status":"published","timePrep":10,"timeBake":60,"photoURL":"https://s3.us-west-2.amazonaws.com/dl.images-compressed/recipe/a525810e-5531-4f97-95a4-39a082f7416b/baba-ganoush.jpg","version":22,"type":"public","discoverPage":true,"freeTier":false,"sourceAuthor":null,"sourceURL":null} name= code=undefined userID=4225b995-4211-40ef-aa35-c5f8b70eaa97 isOperational= stack=
2024-08-22T11:58:27 level=info severity=7 message=*recipeTools-getAll* Error getting recipeTools: null name= code=undefined userID=4225b995-4211-40ef-aa35-c5f8b70eaa97 isOperational= stack=
2024-08-22T11:58:27 level=info severity=7 message=*steps-getAll* Got 58 steps name= code=undefined userID=4225b995-4211-40ef-aa35-c5f8b70eaa97 isOperational= stack=
2024-08-22T11:58:27 level=info severity=7 message=*recipeSteps-getAll* Got 17 recipeSteps name= code=undefined userID=4225b995-4211-40ef-aa35-c5f8b70eaa97 isOperational= stack=
2024-08-22T11:58:27 level=info severity=7 message=*followships-getAll* Got 2 followships name= code=undefined userID=4225b995-4211-40ef-aa35-c5f8b70eaa97 isOperational= stack=
2024-08-22T11:58:27 level=info severity=7 message=*friendships-getAll* Got 4 friendships name= code=undefined userID=4225b995-4211-40ef-aa35-c5f8b70eaa97 isOperational= stack=
2024-08-22T11:58:27 level=info severity=7 message=*followships-getAllFollowers* Got 3 follower followships name= code=undefined userID=4225b995-4211-40ef-aa35-c5f8b70eaa97 isOperational= stack=
2024-08-22T11:58:28 level=info severity=7 message=*profiles-getFriends* Successfully retrieved 0 friends with status: receivedRequest for userID 4225b995-4211-40ef-aa35-c5f8b70eaa97 name= code=undefined userID=4225b995-4211-40ef-aa35-c5f8b70eaa97 isOperational= stack=
2024-08-22T11:58:28 level=info severity=7 message=*recipes-getByID* Got recipe name= code=undefined userID=a525810e-5531-4f97-95a4-39a082f7416b isOperational= stack=
2024-08-22T11:58:28 level=info severity=7 message=*recipes-getRecipeSubscriptions* sourceRecipe: {"recipeID":1124022500010028,"title":"Basic Chinese Congee","servings":4,"recipeCategoryID":6,"lifespanDays":3,"userID":"a525810e-5531-4f97-95a4-39a082f7416b","deleted":false,"status":"published","timePrep":20,"timeBake":60,"photoURL":"https://s3.us-west-2.amazonaws.com/dl.images-compressed/recipe/a525810e-5531-4f97-95a4-39a082f7416b/congee.jpg","version":28,"type":"public","discoverPage":true,"freeTier":false,"sourceAuthor":"Food & Wine","sourceURL":"https://www.foodandwine.com/recipes/basic-chinese-congee"} name= code=undefined userID=4225b995-4211-40ef-aa35-c5f8b70eaa97 isOperational= stack=
2024-08-22T11:58:28 level=info severity=7 message=*profiles-getFriends* Successfully retrieved 0 friends with status: requesting for userID 4225b995-4211-40ef-aa35-c5f8b70eaa97 name= code=undefined userID=4225b995-4211-40ef-aa35-c5f8b70eaa97 isOperational= stack=
2024-08-22T11:58:28 level=info severity=7 message=*profiles-getFollowers* Successfully retrieved 3 followers for userID 4225b995-4211-40ef-aa35-c5f8b70eaa97 name= code=undefined userID=4225b995-4211-40ef-aa35-c5f8b70eaa97 isOperational= stack=
2024-08-22T11:58:28 level=info severity=7 message=*profiles-getFollowing* Successfully retrieved 2 following for userID 4225b995-4211-40ef-aa35-c5f8b70eaa97 name= code=undefined userID=4225b995-4211-40ef-aa35-c5f8b70eaa97 isOperational= stack=
2024-08-22T11:58:28 level=info severity=7 message=*listRecipes-getAllShoppingListRecipes* Got 0 shoppingListRecipes name= code=undefined userID=4225b995-4211-40ef-aa35-c5f8b70eaa97 isOperational= stack=
2024-08-22T11:58:28 level=info severity=7 message=*shoppingLists-getShared* Got 2 shared shopping lists name= code=undefined userID=4225b995-4211-40ef-aa35-c5f8b70eaa97 isOperational= stack=
2024-08-22T11:58:28 level=info severity=7 message=*profiles-getFriends* Successfully retrieved 4 friends with status: confirmed for userID 4225b995-4211-40ef-aa35-c5f8b70eaa97 name= code=undefined userID=4225b995-4211-40ef-aa35-c5f8b70eaa97 isOperational= stack=
2024-08-22T11:58:28 level=info severity=7 message=*shoppingLists-getShoppingLists* Got 1 shopping lists name= code=undefined userID=4225b995-4211-40ef-aa35-c5f8b70eaa97 isOperational= stack=
2024-08-22T11:58:28 level=info severity=7 message=*recipes-getRecipeSubscriptions* Got 2 recipeSubscriptions for userID: 4225b995-4211-40ef-aa35-c5f8b70eaa97 name= code=undefined userID=4225b995-4211-40ef-aa35-c5f8b70eaa97 isOperational= stack=
2024-08-22T11:58:29 level=info severity=7 message=*dbLogger-createUserLog* **USER LOG ENTRY ID: 7224082200011113** dataLoaded|subjectID:1|oldValue:null|newValue:null name= code=undefined userID=4225b995-4211-40ef-aa35-c5f8b70eaa97 isOperational= stack=
2024-08-22T11:58:30 level=info severity=7 message=*listIngredients-getIngredientsByShoppingList* Got 2 shoppingListIngredients for shoppingList: 2624062600022223 name= code=undefined userID=0 isOperational= stack=
2024-08-22T11:58:30 level=info severity=7 message=*listRecipes-getRecipesByShoppingList* Got 0 recipes for shoppingList 2624062600022223 name= code=undefined userID=4225b995-4211-40ef-aa35-c5f8b70eaa97 isOperational= stack=
2024-08-22T11:58:34 level=info severity=7 message=*dbLogger-createShoppingLog* **SHOPPING LOG ENTRY ID: 7324082200011113** addRecipeToShoppingList|subjectID:2824082200011112|oldValue:null|newValue:null name= code=undefined userID=4225b995-4211-40ef-aa35-c5f8b70eaa97 isOperational= stack=
2024-08-22T11:58:34 level=info severity=7 message=*listRecipes-getRecipesByShoppingList* Got 1 recipes for shoppingList 2624062600022223 name= code=undefined userID=4225b995-4211-40ef-aa35-c5f8b70eaa97 isOperational= stack=
2024-08-22T11:58:34 level=info severity=7 message=*listRecipes-getRecipesByShoppingList* Got 1 recipes for shoppingList 2624062600022223 name= code=undefined userID=4225b995-4211-40ef-aa35-c5f8b70eaa97 isOperational= stack=
2024-08-22T11:58:39 level=info severity=7 message=*listRecipes-getRecipesByShoppingList* Got 1 recipes for shoppingList 2624062600022223 name= code=undefined userID=4225b995-4211-40ef-aa35-c5f8b70eaa97 isOperational= stack=
2024-08-22T11:58:39 level=info severity=7 message=*listIngredients-getIngredientsByShoppingList* Got 2 shoppingListIngredients for shoppingList: 2624062600022223 name= code=undefined userID=0 isOperational= stack=
2024-08-22T11:58:44 level=info severity=7 message=*recipeFeedbackLogs-getAll* Got 0 recipeFeedback logs name= code=undefined userID=0 isOperational= stack=
2024-08-22T11:58:44 level=info severity=7 message=*recipes-getRecipeSubscriptionsByRecipeID* Found 0 subscriptions for recipe: 1124082000000003 name= code=undefined userID=4225b995-4211-40ef-aa35-c5f8b70eaa97 isOperational= stack=
2024-08-22T11:58:44 level=info severity=7 message=*recipeFeedbackLogs-getAll* Got 0 recipeFeedback logs name= code=undefined userID=0 isOperational= stack=
2024-08-22T12:10:36 level=info severity=7 message=Server is running at http://localhost:3000 name= code=undefined userID=0 isOperational= stack=
2024-08-22T12:10:54 level=info severity=7 message=*ingredientStocks-getAll* Got 6 ingredientStocks name= code=undefined userID=4225b995-4211-40ef-aa35-c5f8b70eaa97 isOperational= stack=
2024-08-22T12:10:54 level=info severity=7 message=*toolStocks-getAll* Got 0 toolStocks name= code=undefined userID=4225b995-4211-40ef-aa35-c5f8b70eaa97 isOperational= stack=
2024-08-22T12:10:54 level=info severity=7 message=*ingredients-getAll* Got 48 ingredients name= code=undefined userID=4225b995-4211-40ef-aa35-c5f8b70eaa97 isOperational= stack=
2024-08-22T12:10:54 level=info severity=7 message=*recipes-getAll* Got 5 recipes name= code=undefined userID=4225b995-4211-40ef-aa35-c5f8b70eaa97 isOperational= stack=
2024-08-22T12:10:54 level=info severity=7 message=*tools-getAll* Got 24 tools name= code=undefined userID=4225b995-4211-40ef-aa35-c5f8b70eaa97 isOperational= stack=
2024-08-22T12:10:54 level=info severity=7 message=*recipeCategories-getAll* Got 34 recipeCategories name= code=undefined userID=ade96f70-4ec5-4ab9-adfe-0645b16e1ced isOperational= stack=
2024-08-22T12:10:54 level=info severity=7 message=*recipes-getDiscover* Got 295 discoverRecipes name= code=undefined userID=4225b995-4211-40ef-aa35-c5f8b70eaa97 isOperational= stack=
2024-08-22T12:10:54 level=info severity=7 message=*recipeTools-getAll* Error getting recipeTools: null name= code=undefined userID=4225b995-4211-40ef-aa35-c5f8b70eaa97 isOperational= stack=
2024-08-22T12:10:54 level=info severity=7 message=*recipeIngredients-getAll* Got 47 recipeIngredients name= code=undefined userID=4225b995-4211-40ef-aa35-c5f8b70eaa97 isOperational= stack=
2024-08-22T12:10:54 level=info severity=7 message=*steps-getAll* Got 58 steps name= code=undefined userID=4225b995-4211-40ef-aa35-c5f8b70eaa97 isOperational= stack=
2024-08-22T12:10:54 level=info severity=7 message=*recipeSteps-getAll* Got 17 recipeSteps name= code=undefined userID=4225b995-4211-40ef-aa35-c5f8b70eaa97 isOperational= stack=
2024-08-22T12:10:54 level=info severity=7 message=*recipes-getByID* Got recipe name= code=undefined userID=a525810e-5531-4f97-95a4-39a082f7416b isOperational= stack=
2024-08-22T12:10:54 level=info severity=7 message=*recipes-getRecipeSubscriptions* sourceRecipe: {"recipeID":1124022400010010,"title":"Baba Ganoush","servings":4,"recipeCategoryID":4,"lifespanDays":1,"userID":"a525810e-5531-4f97-95a4-39a082f7416b","deleted":false,"status":"published","timePrep":10,"timeBake":60,"photoURL":"https://s3.us-west-2.amazonaws.com/dl.images-compressed/recipe/a525810e-5531-4f97-95a4-39a082f7416b/baba-ganoush.jpg","version":22,"type":"public","discoverPage":true,"freeTier":false,"sourceAuthor":null,"sourceURL":null} name= code=undefined userID=4225b995-4211-40ef-aa35-c5f8b70eaa97 isOperational= stack=
2024-08-22T12:10:55 level=info severity=7 message=*followships-getAll* Got 2 followships name= code=undefined userID=4225b995-4211-40ef-aa35-c5f8b70eaa97 isOperational= stack=
2024-08-22T12:10:55 level=info severity=7 message=*friendships-getAll* Got 4 friendships name= code=undefined userID=4225b995-4211-40ef-aa35-c5f8b70eaa97 isOperational= stack=
2024-08-22T12:10:55 level=info severity=7 message=*followships-getAllFollowers* Got 3 follower followships name= code=undefined userID=4225b995-4211-40ef-aa35-c5f8b70eaa97 isOperational= stack=
2024-08-22T12:10:55 level=info severity=7 message=*profiles-getFriends* Successfully retrieved 0 friends with status: receivedRequest for userID 4225b995-4211-40ef-aa35-c5f8b70eaa97 name= code=undefined userID=4225b995-4211-40ef-aa35-c5f8b70eaa97 isOperational= stack=
2024-08-22T12:10:55 level=info severity=7 message=*profiles-getFriends* Successfully retrieved 0 friends with status: requesting for userID 4225b995-4211-40ef-aa35-c5f8b70eaa97 name= code=undefined userID=4225b995-4211-40ef-aa35-c5f8b70eaa97 isOperational= stack=
2024-08-22T12:10:55 level=info severity=7 message=*profiles-getFollowing* Successfully retrieved 2 following for userID 4225b995-4211-40ef-aa35-c5f8b70eaa97 name= code=undefined userID=4225b995-4211-40ef-aa35-c5f8b70eaa97 isOperational= stack=
2024-08-22T12:10:55 level=info severity=7 message=*recipes-getByID* Got recipe name= code=undefined userID=a525810e-5531-4f97-95a4-39a082f7416b isOperational= stack=
2024-08-22T12:10:55 level=info severity=7 message=*recipes-getRecipeSubscriptions* sourceRecipe: {"recipeID":1124022500010028,"title":"Basic Chinese Congee","servings":4,"recipeCategoryID":6,"lifespanDays":3,"userID":"a525810e-5531-4f97-95a4-39a082f7416b","deleted":false,"status":"published","timePrep":20,"timeBake":60,"photoURL":"https://s3.us-west-2.amazonaws.com/dl.images-compressed/recipe/a525810e-5531-4f97-95a4-39a082f7416b/congee.jpg","version":28,"type":"public","discoverPage":true,"freeTier":false,"sourceAuthor":"Food & Wine","sourceURL":"https://www.foodandwine.com/recipes/basic-chinese-congee"} name= code=undefined userID=4225b995-4211-40ef-aa35-c5f8b70eaa97 isOperational= stack=
2024-08-22T12:10:55 level=info severity=7 message=*profiles-getFriends* Successfully retrieved 4 friends with status: confirmed for userID 4225b995-4211-40ef-aa35-c5f8b70eaa97 name= code=undefined userID=4225b995-4211-40ef-aa35-c5f8b70eaa97 isOperational= stack=
2024-08-22T12:10:55 level=info severity=7 message=*shoppingLists-getShoppingLists* Got 1 shopping lists name= code=undefined userID=4225b995-4211-40ef-aa35-c5f8b70eaa97 isOperational= stack=
2024-08-22T12:10:55 level=info severity=7 message=*shoppingLists-getShared* Got 2 shared shopping lists name= code=undefined userID=4225b995-4211-40ef-aa35-c5f8b70eaa97 isOperational= stack=
2024-08-22T12:10:55 level=info severity=7 message=*profiles-getFollowers* Successfully retrieved 3 followers for userID 4225b995-4211-40ef-aa35-c5f8b70eaa97 name= code=undefined userID=4225b995-4211-40ef-aa35-c5f8b70eaa97 isOperational= stack=
2024-08-22T12:10:55 level=info severity=7 message=*listRecipes-getAllShoppingListRecipes* Got 1 shoppingListRecipes name= code=undefined userID=4225b995-4211-40ef-aa35-c5f8b70eaa97 isOperational= stack=
2024-08-22T12:10:56 level=info severity=7 message=*recipes-getRecipeSubscriptions* Got 2 recipeSubscriptions for userID: 4225b995-4211-40ef-aa35-c5f8b70eaa97 name= code=undefined userID=4225b995-4211-40ef-aa35-c5f8b70eaa97 isOperational= stack=
2024-08-22T12:10:56 level=info severity=7 message=*dbLogger-createUserLog* **USER LOG ENTRY ID: 7224082200011114** dataLoaded|subjectID:1|oldValue:null|newValue:null name= code=undefined userID=4225b995-4211-40ef-aa35-c5f8b70eaa97 isOperational= stack=
2024-08-22T12:11:05 level=info severity=7 message=*dbLogger-createKitchenLog* **KITCHEN LOG ENTRY ID: 7024082200011113** updateIngredientStocks-grams|subjectID:1324062600022229|oldValue:224|newValue:252 name= code=undefined userID=4225b995-4211-40ef-aa35-c5f8b70eaa97 isOperational= stack=
2024-08-22T12:11:11 level=info severity=7 message=*profiles-searchProfiles* Successfully retrieved 4 profiles for searchQuery josh name= code=undefined userID=4225b995-4211-40ef-aa35-c5f8b70eaa97 isOperational= stack=
2024-08-22T12:14:51 level=info severity=7 message=*listIngredients-getIngredientsByShoppingList* Got 2 shoppingListIngredients for shoppingList: 2624062600022223 name= code=undefined userID=0 isOperational= stack=
2024-08-22T12:14:51 level=info severity=7 message=*listRecipes-getRecipesByShoppingList* Got 1 recipes for shoppingList 2624062600022223 name= code=undefined userID=4225b995-4211-40ef-aa35-c5f8b70eaa97 isOperational= stack=
2024-08-22T12:16:52 level=info severity=7 message=*shoppingLists-createIngredientStockEntry* Creating ingredientStock entry for item: {"shoppingListIngredientID":2724082000000010,"ingredientID":1224061200011173,"purchasedMeasurement":10.2,"purchasedUnit":"fluidOunce","purchasedDate":"2024-08-22T19:16:52.267Z"} name= code=undefined userID=ade96f70-4ec5-4ab9-adfe-0645b16e1ced isOperational= stack=
2024-08-22T12:16:52 level=info severity=7 message=*ingredientStocks-create* IN CREATE ING STOCK. customID: 1324082200011112, userID: ade96f70-4ec5-4ab9-adfe-0645b16e1ced, ingredientID: 1224061200011173, measurement: 10.2, purchasedDate: 2024-08-22T19:16:52.267Z name= code=undefined userID=0 isOperational= stack=
2024-08-22T12:16:52 level=info severity=7 message=*shoppingLists-updateShoppingListIngredient* Updating shoppingListIngredient 2724082000000010 name= code=undefined userID=ade96f70-4ec5-4ab9-adfe-0645b16e1ced isOperational= stack=
2024-08-22T12:16:52 level=info severity=7 message=*routeValidator* INVALID DATA '{"authorization":"eyJhbGciOiJIUzI1NiIsImtpZCI6Ik9rRWd3TjdRdnR5b2k5anAiLCJ0eXAiOiJKV1QifQ.eyJpc3MiOiJodHRwczovL2psc3ZjZXV4b2lheWhpYnJ3b2JmLnN1cGFiYXNlLmNvL2F1dGgvdjEiLCJzdWIiOiI0MjI1Yjk5NS00MjExLTQwZWYtYWEzNS1jNWY4YjcwZWFhOTciLCJhdWQiOiJhdXRoZW50aWNhdGVkIiwiZXhwIjoxNzI0MzU2NDgyLCJpYXQiOjE3MjQzNTI4ODIsImVtYWlsIjoidGVzdDNAdGVzdC5jb20iLCJwaG9uZSI6IiIsImFwcF9tZXRhZGF0YSI6eyJwcm92aWRlciI6ImVtYWlsIiwicHJvdmlkZXJzIjpbImVtYWlsIl19LCJ1c2VyX21ldGFkYXRhIjp7fSwicm9sZSI6ImF1dGhlbnRpY2F0ZWQiLCJhYWwiOiJhYWwxIiwiYW1yIjpbeyJtZXRob2QiOiJwYXNzd29yZCIsInRpbWVzdGFtcCI6MTcyNDE5MzY2M31dLCJzZXNzaW9uX2lkIjoiOGRlMDc2ZjctYWZhNi00OGYzLWJlOWUtMmM3OTJhMjAwYTRiIiwiaXNfYW5vbnltb3VzIjpmYWxzZX0.zGfLcTHixUS2Vdggxx1ZxOD09DSFhHXrcmrXhgHn6Zc","userID":"ade96f70-4ec5-4ab9-adfe-0645b16e1ced","purchasedBy":"4225b995-4211-40ef-aa35-c5f8b70eaa97","purchasedMeasurement":10.2,"store":"walmart"}' IN REQUEST [object Object]. data.purchasedMeasurement should be integer. name= code=undefined userID=0 isOperational= stack=
2024-08-22T12:16:52 level=error severity=2 message=Request failed with status code 422 name=AxiosError code=ERR_BAD_REQUEST userID=0 isOperational= stack=AxiosError: Request failed with status code 422
    at module.exports.errorGen (/home/josh/repos/doughleap/server/middleware/errorHandling.js:55:10)
    at Object.receiveItems (/home/josh/repos/doughleap/server/modules/shopping/lists/processor.js:279:13)
    at process.processTicksAndRejections (node:internal/process/task_queues:95:5)
    at async receiveItems (/home/josh/repos/doughleap/server/modules/shopping/lists/handler.js:111:20)
2024-08-22T12:16:52 level=error severity=7 message=Invalid status code: ERR_BAD_REQUEST name=RangeError code=ERR_HTTP_INVALID_STATUS_CODE userID=0 isOperational= stack=RangeError [ERR_HTTP_INVALID_STATUS_CODE]: Invalid status code: ERR_BAD_REQUEST
    at ServerResponse.writeHead (node:_http_server:352:11)
    at ServerResponse.writeHead (/home/josh/repos/doughleap/server/node_modules/on-headers/index.js:44:26)
    at ServerResponse._implicitHeader (node:_http_server:338:8)
    at write_ (node:_http_outgoing:970:9)
    at ServerResponse.end (node:_http_outgoing:1087:5)
    at ServerResponse.send (/home/josh/repos/doughleap/server/node_modules/express/lib/response.js:232:10)
    at ServerResponse.json (/home/josh/repos/doughleap/server/node_modules/express/lib/response.js:278:15)
    at ErrorHandler.handleError (/home/josh/repos/doughleap/server/middleware/errorHandling.js:78:30)
    at process.processTicksAndRejections (node:internal/process/task_queues:95:5)
2024-08-22T12:16:53 level=info severity=7 message=*dbLogger-createKitchenLog* **KITCHEN LOG ENTRY ID: 7024082200011114** createIngredientStock|subjectID:1324082200011112|oldValue:null|newValue:null name= code=undefined userID=ade96f70-4ec5-4ab9-adfe-0645b16e1ced isOperational= stack=
2024-08-22T12:18:05 level=info severity=7 message=*ingredients-getAll* Got 48 ingredients name= code=undefined userID=4225b995-4211-40ef-aa35-c5f8b70eaa97 isOperational= stack=
2024-08-22T12:18:05 level=info severity=7 message=*tools-getAll* Got 24 tools name= code=undefined userID=4225b995-4211-40ef-aa35-c5f8b70eaa97 isOperational= stack=
2024-08-22T12:18:05 level=info severity=7 message=*toolStocks-getAll* Got 0 toolStocks name= code=undefined userID=4225b995-4211-40ef-aa35-c5f8b70eaa97 isOperational= stack=
2024-08-22T12:18:05 level=info severity=7 message=*ingredientStocks-getAll* Got 6 ingredientStocks name= code=undefined userID=4225b995-4211-40ef-aa35-c5f8b70eaa97 isOperational= stack=
2024-08-22T12:18:05 level=info severity=7 message=*recipes-getAll* Got 5 recipes name= code=undefined userID=4225b995-4211-40ef-aa35-c5f8b70eaa97 isOperational= stack=
2024-08-22T12:18:05 level=info severity=7 message=*recipeIngredients-getAll* Got 47 recipeIngredients name= code=undefined userID=4225b995-4211-40ef-aa35-c5f8b70eaa97 isOperational= stack=
2024-08-22T12:18:05 level=info severity=7 message=*recipes-getDiscover* Got 295 discoverRecipes name= code=undefined userID=4225b995-4211-40ef-aa35-c5f8b70eaa97 isOperational= stack=
2024-08-22T12:18:05 level=info severity=7 message=*recipeCategories-getAll* Got 34 recipeCategories name= code=undefined userID=ade96f70-4ec5-4ab9-adfe-0645b16e1ced isOperational= stack=
2024-08-22T12:18:05 level=info severity=7 message=*recipes-getByID* Got recipe name= code=undefined userID=a525810e-5531-4f97-95a4-39a082f7416b isOperational= stack=
2024-08-22T12:18:05 level=info severity=7 message=*recipes-getRecipeSubscriptions* sourceRecipe: {"recipeID":1124022400010010,"title":"Baba Ganoush","servings":4,"recipeCategoryID":4,"lifespanDays":1,"userID":"a525810e-5531-4f97-95a4-39a082f7416b","deleted":false,"status":"published","timePrep":10,"timeBake":60,"photoURL":"https://s3.us-west-2.amazonaws.com/dl.images-compressed/recipe/a525810e-5531-4f97-95a4-39a082f7416b/baba-ganoush.jpg","version":22,"type":"public","discoverPage":true,"freeTier":false,"sourceAuthor":null,"sourceURL":null} name= code=undefined userID=4225b995-4211-40ef-aa35-c5f8b70eaa97 isOperational= stack=
2024-08-22T12:18:05 level=info severity=7 message=*recipeTools-getAll* Error getting recipeTools: null name= code=undefined userID=4225b995-4211-40ef-aa35-c5f8b70eaa97 isOperational= stack=
2024-08-22T12:18:05 level=info severity=7 message=*steps-getAll* Got 58 steps name= code=undefined userID=4225b995-4211-40ef-aa35-c5f8b70eaa97 isOperational= stack=
2024-08-22T12:18:05 level=info severity=7 message=*recipeSteps-getAll* Got 17 recipeSteps name= code=undefined userID=4225b995-4211-40ef-aa35-c5f8b70eaa97 isOperational= stack=
2024-08-22T12:18:05 level=info severity=7 message=*followships-getAllFollowers* Got 3 follower followships name= code=undefined userID=4225b995-4211-40ef-aa35-c5f8b70eaa97 isOperational= stack=
2024-08-22T12:18:05 level=info severity=7 message=*followships-getAll* Got 2 followships name= code=undefined userID=4225b995-4211-40ef-aa35-c5f8b70eaa97 isOperational= stack=
2024-08-22T12:18:06 level=info severity=7 message=*friendships-getAll* Got 4 friendships name= code=undefined userID=4225b995-4211-40ef-aa35-c5f8b70eaa97 isOperational= stack=
2024-08-22T12:18:06 level=info severity=7 message=*profiles-getFriends* Successfully retrieved 0 friends with status: receivedRequest for userID 4225b995-4211-40ef-aa35-c5f8b70eaa97 name= code=undefined userID=4225b995-4211-40ef-aa35-c5f8b70eaa97 isOperational= stack=
2024-08-22T12:18:06 level=info severity=7 message=*recipes-getByID* Got recipe name= code=undefined userID=a525810e-5531-4f97-95a4-39a082f7416b isOperational= stack=
2024-08-22T12:18:06 level=info severity=7 message=*recipes-getRecipeSubscriptions* sourceRecipe: {"recipeID":1124022500010028,"title":"Basic Chinese Congee","servings":4,"recipeCategoryID":6,"lifespanDays":3,"userID":"a525810e-5531-4f97-95a4-39a082f7416b","deleted":false,"status":"published","timePrep":20,"timeBake":60,"photoURL":"https://s3.us-west-2.amazonaws.com/dl.images-compressed/recipe/a525810e-5531-4f97-95a4-39a082f7416b/congee.jpg","version":28,"type":"public","discoverPage":true,"freeTier":false,"sourceAuthor":"Food & Wine","sourceURL":"https://www.foodandwine.com/recipes/basic-chinese-congee"} name= code=undefined userID=4225b995-4211-40ef-aa35-c5f8b70eaa97 isOperational= stack=
2024-08-22T12:18:06 level=info severity=7 message=*profiles-getFollowers* Successfully retrieved 3 followers for userID 4225b995-4211-40ef-aa35-c5f8b70eaa97 name= code=undefined userID=4225b995-4211-40ef-aa35-c5f8b70eaa97 isOperational= stack=
2024-08-22T12:18:06 level=info severity=7 message=*profiles-getFollowing* Successfully retrieved 2 following for userID 4225b995-4211-40ef-aa35-c5f8b70eaa97 name= code=undefined userID=4225b995-4211-40ef-aa35-c5f8b70eaa97 isOperational= stack=
2024-08-22T12:18:06 level=info severity=7 message=*profiles-getFriends* Successfully retrieved 0 friends with status: requesting for userID 4225b995-4211-40ef-aa35-c5f8b70eaa97 name= code=undefined userID=4225b995-4211-40ef-aa35-c5f8b70eaa97 isOperational= stack=
2024-08-22T12:18:06 level=info severity=7 message=*shoppingLists-getShoppingLists* Got 1 shopping lists name= code=undefined userID=4225b995-4211-40ef-aa35-c5f8b70eaa97 isOperational= stack=
2024-08-22T12:18:06 level=info severity=7 message=*shoppingLists-getShared* Got 2 shared shopping lists name= code=undefined userID=4225b995-4211-40ef-aa35-c5f8b70eaa97 isOperational= stack=
2024-08-22T12:18:06 level=info severity=7 message=*listRecipes-getAllShoppingListRecipes* Got 1 shoppingListRecipes name= code=undefined userID=4225b995-4211-40ef-aa35-c5f8b70eaa97 isOperational= stack=
2024-08-22T12:18:06 level=info severity=7 message=*recipes-getRecipeSubscriptions* Got 2 recipeSubscriptions for userID: 4225b995-4211-40ef-aa35-c5f8b70eaa97 name= code=undefined userID=4225b995-4211-40ef-aa35-c5f8b70eaa97 isOperational= stack=
2024-08-22T12:18:06 level=info severity=7 message=*profiles-getFriends* Successfully retrieved 4 friends with status: confirmed for userID 4225b995-4211-40ef-aa35-c5f8b70eaa97 name= code=undefined userID=4225b995-4211-40ef-aa35-c5f8b70eaa97 isOperational= stack=
2024-08-22T12:18:07 level=info severity=7 message=*dbLogger-createUserLog* **USER LOG ENTRY ID: 7224082200011115** dataLoaded|subjectID:1|oldValue:null|newValue:null name= code=undefined userID=4225b995-4211-40ef-aa35-c5f8b70eaa97 isOperational= stack=
2024-08-22T12:18:08 level=info severity=7 message=*listIngredients-getIngredientsByShoppingList* Got 2 shoppingListIngredients for shoppingList: 2624062600022223 name= code=undefined userID=0 isOperational= stack=
2024-08-22T12:18:08 level=info severity=7 message=*listRecipes-getRecipesByShoppingList* Got 1 recipes for shoppingList 2624062600022223 name= code=undefined userID=4225b995-4211-40ef-aa35-c5f8b70eaa97 isOperational= stack=
2024-08-22T12:19:09 level=info severity=7 message=*ingredients-getAll* Got 48 ingredients name= code=undefined userID=4225b995-4211-40ef-aa35-c5f8b70eaa97 isOperational= stack=
2024-08-22T12:19:09 level=info severity=7 message=*ingredientStocks-getAll* Got 6 ingredientStocks name= code=undefined userID=4225b995-4211-40ef-aa35-c5f8b70eaa97 isOperational= stack=
2024-08-22T12:19:09 level=info severity=7 message=*tools-getAll* Got 24 tools name= code=undefined userID=4225b995-4211-40ef-aa35-c5f8b70eaa97 isOperational= stack=
2024-08-22T12:19:09 level=info severity=7 message=*recipes-getAll* Got 5 recipes name= code=undefined userID=4225b995-4211-40ef-aa35-c5f8b70eaa97 isOperational= stack=
2024-08-22T12:19:09 level=info severity=7 message=*toolStocks-getAll* Got 0 toolStocks name= code=undefined userID=4225b995-4211-40ef-aa35-c5f8b70eaa97 isOperational= stack=
2024-08-22T12:19:09 level=info severity=7 message=*recipeCategories-getAll* Got 34 recipeCategories name= code=undefined userID=ade96f70-4ec5-4ab9-adfe-0645b16e1ced isOperational= stack=
2024-08-22T12:19:09 level=info severity=7 message=*recipeIngredients-getAll* Got 47 recipeIngredients name= code=undefined userID=4225b995-4211-40ef-aa35-c5f8b70eaa97 isOperational= stack=
2024-08-22T12:19:09 level=info severity=7 message=*recipes-getDiscover* Got 295 discoverRecipes name= code=undefined userID=4225b995-4211-40ef-aa35-c5f8b70eaa97 isOperational= stack=
2024-08-22T12:19:09 level=info severity=7 message=*recipeTools-getAll* Error getting recipeTools: null name= code=undefined userID=4225b995-4211-40ef-aa35-c5f8b70eaa97 isOperational= stack=
2024-08-22T12:19:09 level=info severity=7 message=*recipes-getByID* Got recipe name= code=undefined userID=a525810e-5531-4f97-95a4-39a082f7416b isOperational= stack=
2024-08-22T12:19:09 level=info severity=7 message=*recipes-getRecipeSubscriptions* sourceRecipe: {"recipeID":1124022400010010,"title":"Baba Ganoush","servings":4,"recipeCategoryID":4,"lifespanDays":1,"userID":"a525810e-5531-4f97-95a4-39a082f7416b","deleted":false,"status":"published","timePrep":10,"timeBake":60,"photoURL":"https://s3.us-west-2.amazonaws.com/dl.images-compressed/recipe/a525810e-5531-4f97-95a4-39a082f7416b/baba-ganoush.jpg","version":22,"type":"public","discoverPage":true,"freeTier":false,"sourceAuthor":null,"sourceURL":null} name= code=undefined userID=4225b995-4211-40ef-aa35-c5f8b70eaa97 isOperational= stack=
2024-08-22T12:19:09 level=info severity=7 message=*steps-getAll* Got 58 steps name= code=undefined userID=4225b995-4211-40ef-aa35-c5f8b70eaa97 isOperational= stack=
2024-08-22T12:19:09 level=info severity=7 message=*recipeSteps-getAll* Got 17 recipeSteps name= code=undefined userID=4225b995-4211-40ef-aa35-c5f8b70eaa97 isOperational= stack=
2024-08-22T12:19:09 level=info severity=7 message=*friendships-getAll* Got 4 friendships name= code=undefined userID=4225b995-4211-40ef-aa35-c5f8b70eaa97 isOperational= stack=
2024-08-22T12:19:09 level=info severity=7 message=*followships-getAll* Got 2 followships name= code=undefined userID=4225b995-4211-40ef-aa35-c5f8b70eaa97 isOperational= stack=
2024-08-22T12:19:09 level=info severity=7 message=*followships-getAllFollowers* Got 3 follower followships name= code=undefined userID=4225b995-4211-40ef-aa35-c5f8b70eaa97 isOperational= stack=
2024-08-22T12:19:10 level=info severity=7 message=*profiles-getFriends* Successfully retrieved 0 friends with status: receivedRequest for userID 4225b995-4211-40ef-aa35-c5f8b70eaa97 name= code=undefined userID=4225b995-4211-40ef-aa35-c5f8b70eaa97 isOperational= stack=
2024-08-22T12:19:10 level=info severity=7 message=*profiles-getFriends* Successfully retrieved 0 friends with status: requesting for userID 4225b995-4211-40ef-aa35-c5f8b70eaa97 name= code=undefined userID=4225b995-4211-40ef-aa35-c5f8b70eaa97 isOperational= stack=
2024-08-22T12:19:10 level=info severity=7 message=*recipes-getByID* Got recipe name= code=undefined userID=a525810e-5531-4f97-95a4-39a082f7416b isOperational= stack=
2024-08-22T12:19:10 level=info severity=7 message=*recipes-getRecipeSubscriptions* sourceRecipe: {"recipeID":1124022500010028,"title":"Basic Chinese Congee","servings":4,"recipeCategoryID":6,"lifespanDays":3,"userID":"a525810e-5531-4f97-95a4-39a082f7416b","deleted":false,"status":"published","timePrep":20,"timeBake":60,"photoURL":"https://s3.us-west-2.amazonaws.com/dl.images-compressed/recipe/a525810e-5531-4f97-95a4-39a082f7416b/congee.jpg","version":28,"type":"public","discoverPage":true,"freeTier":false,"sourceAuthor":"Food & Wine","sourceURL":"https://www.foodandwine.com/recipes/basic-chinese-congee"} name= code=undefined userID=4225b995-4211-40ef-aa35-c5f8b70eaa97 isOperational= stack=
2024-08-22T12:19:10 level=info severity=7 message=*shoppingLists-getShoppingLists* Got 1 shopping lists name= code=undefined userID=4225b995-4211-40ef-aa35-c5f8b70eaa97 isOperational= stack=
2024-08-22T12:19:10 level=info severity=7 message=*profiles-getFollowers* Successfully retrieved 3 followers for userID 4225b995-4211-40ef-aa35-c5f8b70eaa97 name= code=undefined userID=4225b995-4211-40ef-aa35-c5f8b70eaa97 isOperational= stack=
2024-08-22T12:19:10 level=info severity=7 message=*profiles-getFollowing* Successfully retrieved 2 following for userID 4225b995-4211-40ef-aa35-c5f8b70eaa97 name= code=undefined userID=4225b995-4211-40ef-aa35-c5f8b70eaa97 isOperational= stack=
2024-08-22T12:19:10 level=info severity=7 message=*profiles-getFriends* Successfully retrieved 4 friends with status: confirmed for userID 4225b995-4211-40ef-aa35-c5f8b70eaa97 name= code=undefined userID=4225b995-4211-40ef-aa35-c5f8b70eaa97 isOperational= stack=
2024-08-22T12:19:10 level=info severity=7 message=*listRecipes-getAllShoppingListRecipes* Got 1 shoppingListRecipes name= code=undefined userID=4225b995-4211-40ef-aa35-c5f8b70eaa97 isOperational= stack=
2024-08-22T12:19:10 level=info severity=7 message=*shoppingLists-getShared* Got 2 shared shopping lists name= code=undefined userID=4225b995-4211-40ef-aa35-c5f8b70eaa97 isOperational= stack=
2024-08-22T12:19:10 level=info severity=7 message=*recipes-getRecipeSubscriptions* Got 2 recipeSubscriptions for userID: 4225b995-4211-40ef-aa35-c5f8b70eaa97 name= code=undefined userID=4225b995-4211-40ef-aa35-c5f8b70eaa97 isOperational= stack=
2024-08-22T12:19:11 level=info severity=7 message=*dbLogger-createUserLog* **USER LOG ENTRY ID: 7224082200011116** dataLoaded|subjectID:1|oldValue:null|newValue:null name= code=undefined userID=4225b995-4211-40ef-aa35-c5f8b70eaa97 isOperational= stack=
2024-08-22T12:19:14 level=info severity=7 message=*listRecipes-getRecipesByShoppingList* Got 1 recipes for shoppingList 2624062600022223 name= code=undefined userID=4225b995-4211-40ef-aa35-c5f8b70eaa97 isOperational= stack=
2024-08-22T12:19:14 level=info severity=7 message=*listIngredients-getIngredientsByShoppingList* Got 2 shoppingListIngredients for shoppingList: 2624062600022223 name= code=undefined userID=0 isOperational= stack=
2024-08-22T12:19:38 level=info severity=7 message=*shoppingLists-createIngredientStockEntry* Creating ingredientStock entry for item: {"shoppingListIngredientID":2724082000000010,"ingredientID":1224061200011173,"purchasedMeasurement":5.001,"purchasedUnit":"fluidOunce","purchasedDate":"2024-08-22T19:19:38.482Z"} name= code=undefined userID=ade96f70-4ec5-4ab9-adfe-0645b16e1ced isOperational= stack=
2024-08-22T12:19:38 level=info severity=7 message=*ingredientStocks-create* IN CREATE ING STOCK. customID: 1324082200011113, userID: ade96f70-4ec5-4ab9-adfe-0645b16e1ced, ingredientID: 1224061200011173, measurement: 5.001, purchasedDate: 2024-08-22T19:19:38.482Z name= code=undefined userID=0 isOperational= stack=
2024-08-22T12:19:38 level=info severity=7 message=*shoppingLists-updateShoppingListIngredient* Updating shoppingListIngredient 2724082000000010 name= code=undefined userID=ade96f70-4ec5-4ab9-adfe-0645b16e1ced isOperational= stack=
2024-08-22T12:19:38 level=info severity=7 message=*routeValidator* INVALID DATA '{"authorization":"eyJhbGciOiJIUzI1NiIsImtpZCI6Ik9rRWd3TjdRdnR5b2k5anAiLCJ0eXAiOiJKV1QifQ.eyJpc3MiOiJodHRwczovL2psc3ZjZXV4b2lheWhpYnJ3b2JmLnN1cGFiYXNlLmNvL2F1dGgvdjEiLCJzdWIiOiI0MjI1Yjk5NS00MjExLTQwZWYtYWEzNS1jNWY4YjcwZWFhOTciLCJhdWQiOiJhdXRoZW50aWNhdGVkIiwiZXhwIjoxNzI0MzU2NDgyLCJpYXQiOjE3MjQzNTI4ODIsImVtYWlsIjoidGVzdDNAdGVzdC5jb20iLCJwaG9uZSI6IiIsImFwcF9tZXRhZGF0YSI6eyJwcm92aWRlciI6ImVtYWlsIiwicHJvdmlkZXJzIjpbImVtYWlsIl19LCJ1c2VyX21ldGFkYXRhIjp7fSwicm9sZSI6ImF1dGhlbnRpY2F0ZWQiLCJhYWwiOiJhYWwxIiwiYW1yIjpbeyJtZXRob2QiOiJwYXNzd29yZCIsInRpbWVzdGFtcCI6MTcyNDE5MzY2M31dLCJzZXNzaW9uX2lkIjoiOGRlMDc2ZjctYWZhNi00OGYzLWJlOWUtMmM3OTJhMjAwYTRiIiwiaXNfYW5vbnltb3VzIjpmYWxzZX0.zGfLcTHixUS2Vdggxx1ZxOD09DSFhHXrcmrXhgHn6Zc","userID":"ade96f70-4ec5-4ab9-adfe-0645b16e1ced","purchasedBy":"4225b995-4211-40ef-aa35-c5f8b70eaa97","purchasedMeasurement":5.001,"store":"walmart"}' IN REQUEST [object Object]. data.purchasedMeasurement should be integer. name= code=undefined userID=0 isOperational= stack=
2024-08-22T12:19:38 level=error severity=2 message=Request failed with status code 422 name=AxiosError code=ERR_BAD_REQUEST userID=0 isOperational= stack=AxiosError: Request failed with status code 422
    at module.exports.errorGen (/home/josh/repos/doughleap/server/middleware/errorHandling.js:55:10)
    at Object.receiveItems (/home/josh/repos/doughleap/server/modules/shopping/lists/processor.js:279:13)
    at process.processTicksAndRejections (node:internal/process/task_queues:95:5)
    at async receiveItems (/home/josh/repos/doughleap/server/modules/shopping/lists/handler.js:111:20)
2024-08-22T12:19:38 level=error severity=7 message=Invalid status code: ERR_BAD_REQUEST name=RangeError code=ERR_HTTP_INVALID_STATUS_CODE userID=0 isOperational= stack=RangeError [ERR_HTTP_INVALID_STATUS_CODE]: Invalid status code: ERR_BAD_REQUEST
    at ServerResponse.writeHead (node:_http_server:352:11)
    at ServerResponse.writeHead (/home/josh/repos/doughleap/server/node_modules/on-headers/index.js:44:26)
    at ServerResponse._implicitHeader (node:_http_server:338:8)
    at write_ (node:_http_outgoing:970:9)
    at ServerResponse.end (node:_http_outgoing:1087:5)
    at ServerResponse.send (/home/josh/repos/doughleap/server/node_modules/express/lib/response.js:232:10)
    at ServerResponse.json (/home/josh/repos/doughleap/server/node_modules/express/lib/response.js:278:15)
    at ErrorHandler.handleError (/home/josh/repos/doughleap/server/middleware/errorHandling.js:78:30)
    at process.processTicksAndRejections (node:internal/process/task_queues:95:5)
2024-08-22T12:19:39 level=info severity=7 message=*dbLogger-createKitchenLog* **KITCHEN LOG ENTRY ID: 7024082200011115** createIngredientStock|subjectID:1324082200011113|oldValue:null|newValue:null name= code=undefined userID=ade96f70-4ec5-4ab9-adfe-0645b16e1ced isOperational= stack=
2024-08-22T12:21:27 level=info severity=7 message=*ingredients-getAll* Got 48 ingredients name= code=undefined userID=4225b995-4211-40ef-aa35-c5f8b70eaa97 isOperational= stack=
2024-08-22T12:21:27 level=info severity=7 message=*tools-getAll* Got 24 tools name= code=undefined userID=4225b995-4211-40ef-aa35-c5f8b70eaa97 isOperational= stack=
2024-08-22T12:21:27 level=info severity=7 message=*ingredientStocks-getAll* Got 6 ingredientStocks name= code=undefined userID=4225b995-4211-40ef-aa35-c5f8b70eaa97 isOperational= stack=
2024-08-22T12:21:27 level=info severity=7 message=*recipes-getAll* Got 5 recipes name= code=undefined userID=4225b995-4211-40ef-aa35-c5f8b70eaa97 isOperational= stack=
2024-08-22T12:21:27 level=info severity=7 message=*toolStocks-getAll* Got 0 toolStocks name= code=undefined userID=4225b995-4211-40ef-aa35-c5f8b70eaa97 isOperational= stack=
2024-08-22T12:21:27 level=info severity=7 message=*recipeCategories-getAll* Got 34 recipeCategories name= code=undefined userID=ade96f70-4ec5-4ab9-adfe-0645b16e1ced isOperational= stack=
2024-08-22T12:21:27 level=info severity=7 message=*recipeTools-getAll* Error getting recipeTools: null name= code=undefined userID=4225b995-4211-40ef-aa35-c5f8b70eaa97 isOperational= stack=
2024-08-22T12:21:27 level=info severity=7 message=*recipes-getByID* Got recipe name= code=undefined userID=a525810e-5531-4f97-95a4-39a082f7416b isOperational= stack=
2024-08-22T12:21:27 level=info severity=7 message=*recipes-getRecipeSubscriptions* sourceRecipe: {"recipeID":1124022400010010,"title":"Baba Ganoush","servings":4,"recipeCategoryID":4,"lifespanDays":1,"userID":"a525810e-5531-4f97-95a4-39a082f7416b","deleted":false,"status":"published","timePrep":10,"timeBake":60,"photoURL":"https://s3.us-west-2.amazonaws.com/dl.images-compressed/recipe/a525810e-5531-4f97-95a4-39a082f7416b/baba-ganoush.jpg","version":22,"type":"public","discoverPage":true,"freeTier":false,"sourceAuthor":null,"sourceURL":null} name= code=undefined userID=4225b995-4211-40ef-aa35-c5f8b70eaa97 isOperational= stack=
2024-08-22T12:21:27 level=info severity=7 message=*recipes-getDiscover* Got 295 discoverRecipes name= code=undefined userID=4225b995-4211-40ef-aa35-c5f8b70eaa97 isOperational= stack=
2024-08-22T12:21:27 level=info severity=7 message=*recipeIngredients-getAll* Got 47 recipeIngredients name= code=undefined userID=4225b995-4211-40ef-aa35-c5f8b70eaa97 isOperational= stack=
2024-08-22T12:21:27 level=info severity=7 message=*steps-getAll* Got 58 steps name= code=undefined userID=4225b995-4211-40ef-aa35-c5f8b70eaa97 isOperational= stack=
2024-08-22T12:21:27 level=info severity=7 message=*recipeSteps-getAll* Got 17 recipeSteps name= code=undefined userID=4225b995-4211-40ef-aa35-c5f8b70eaa97 isOperational= stack=
2024-08-22T12:21:27 level=info severity=7 message=*friendships-getAll* Got 4 friendships name= code=undefined userID=4225b995-4211-40ef-aa35-c5f8b70eaa97 isOperational= stack=
2024-08-22T12:21:27 level=info severity=7 message=*followships-getAllFollowers* Got 3 follower followships name= code=undefined userID=4225b995-4211-40ef-aa35-c5f8b70eaa97 isOperational= stack=
2024-08-22T12:21:27 level=info severity=7 message=*followships-getAll* Got 2 followships name= code=undefined userID=4225b995-4211-40ef-aa35-c5f8b70eaa97 isOperational= stack=
2024-08-22T12:21:27 level=info severity=7 message=*profiles-getFriends* Successfully retrieved 0 friends with status: receivedRequest for userID 4225b995-4211-40ef-aa35-c5f8b70eaa97 name= code=undefined userID=4225b995-4211-40ef-aa35-c5f8b70eaa97 isOperational= stack=
2024-08-22T12:21:28 level=info severity=7 message=*recipes-getByID* Got recipe name= code=undefined userID=a525810e-5531-4f97-95a4-39a082f7416b isOperational= stack=
2024-08-22T12:21:28 level=info severity=7 message=*recipes-getRecipeSubscriptions* sourceRecipe: {"recipeID":1124022500010028,"title":"Basic Chinese Congee","servings":4,"recipeCategoryID":6,"lifespanDays":3,"userID":"a525810e-5531-4f97-95a4-39a082f7416b","deleted":false,"status":"published","timePrep":20,"timeBake":60,"photoURL":"https://s3.us-west-2.amazonaws.com/dl.images-compressed/recipe/a525810e-5531-4f97-95a4-39a082f7416b/congee.jpg","version":28,"type":"public","discoverPage":true,"freeTier":false,"sourceAuthor":"Food & Wine","sourceURL":"https://www.foodandwine.com/recipes/basic-chinese-congee"} name= code=undefined userID=4225b995-4211-40ef-aa35-c5f8b70eaa97 isOperational= stack=
2024-08-22T12:21:28 level=info severity=7 message=*profiles-getFollowing* Successfully retrieved 2 following for userID 4225b995-4211-40ef-aa35-c5f8b70eaa97 name= code=undefined userID=4225b995-4211-40ef-aa35-c5f8b70eaa97 isOperational= stack=
2024-08-22T12:21:28 level=info severity=7 message=*profiles-getFriends* Successfully retrieved 0 friends with status: requesting for userID 4225b995-4211-40ef-aa35-c5f8b70eaa97 name= code=undefined userID=4225b995-4211-40ef-aa35-c5f8b70eaa97 isOperational= stack=
2024-08-22T12:21:28 level=info severity=7 message=*profiles-getFollowers* Successfully retrieved 3 followers for userID 4225b995-4211-40ef-aa35-c5f8b70eaa97 name= code=undefined userID=4225b995-4211-40ef-aa35-c5f8b70eaa97 isOperational= stack=
2024-08-22T12:21:28 level=info severity=7 message=*shoppingLists-getShared* Got 2 shared shopping lists name= code=undefined userID=4225b995-4211-40ef-aa35-c5f8b70eaa97 isOperational= stack=
2024-08-22T12:21:28 level=info severity=7 message=*shoppingLists-getShoppingLists* Got 1 shopping lists name= code=undefined userID=4225b995-4211-40ef-aa35-c5f8b70eaa97 isOperational= stack=
2024-08-22T12:21:28 level=info severity=7 message=*listRecipes-getAllShoppingListRecipes* Got 1 shoppingListRecipes name= code=undefined userID=4225b995-4211-40ef-aa35-c5f8b70eaa97 isOperational= stack=
2024-08-22T12:21:28 level=info severity=7 message=*profiles-getFriends* Successfully retrieved 4 friends with status: confirmed for userID 4225b995-4211-40ef-aa35-c5f8b70eaa97 name= code=undefined userID=4225b995-4211-40ef-aa35-c5f8b70eaa97 isOperational= stack=
2024-08-22T12:21:28 level=info severity=7 message=*recipes-getRecipeSubscriptions* Got 2 recipeSubscriptions for userID: 4225b995-4211-40ef-aa35-c5f8b70eaa97 name= code=undefined userID=4225b995-4211-40ef-aa35-c5f8b70eaa97 isOperational= stack=
2024-08-22T12:21:29 level=info severity=7 message=*dbLogger-createUserLog* **USER LOG ENTRY ID: 7224082200011117** dataLoaded|subjectID:1|oldValue:null|newValue:null name= code=undefined userID=4225b995-4211-40ef-aa35-c5f8b70eaa97 isOperational= stack=
2024-08-22T12:21:30 level=info severity=7 message=*listRecipes-getRecipesByShoppingList* Got 1 recipes for shoppingList 2624062600022223 name= code=undefined userID=4225b995-4211-40ef-aa35-c5f8b70eaa97 isOperational= stack=
2024-08-22T12:21:30 level=info severity=7 message=*listIngredients-getIngredientsByShoppingList* Got 2 shoppingListIngredients for shoppingList: 2624062600022223 name= code=undefined userID=0 isOperational= stack=
2024-08-22T12:21:42 level=info severity=7 message=*shoppingLists-createIngredientStockEntry* Creating ingredientStock entry for item: {"shoppingListIngredientID":2724082000000010,"ingredientID":1224061200011173,"purchasedMeasurement":5,"purchasedUnit":"fluidOunce","purchasedDate":"2024-08-22T19:21:41.900Z"} name= code=undefined userID=ade96f70-4ec5-4ab9-adfe-0645b16e1ced isOperational= stack=
2024-08-22T12:21:42 level=info severity=7 message=*ingredientStocks-create* IN CREATE ING STOCK. customID: 1324082200011114, userID: ade96f70-4ec5-4ab9-adfe-0645b16e1ced, ingredientID: 1224061200011173, measurement: 5, purchasedDate: 2024-08-22T19:21:41.900Z name= code=undefined userID=0 isOperational= stack=
2024-08-22T12:21:42 level=info severity=7 message=*shoppingLists-updateShoppingListIngredient* Updating shoppingListIngredient 2724082000000010 name= code=undefined userID=ade96f70-4ec5-4ab9-adfe-0645b16e1ced isOperational= stack=
2024-08-22T12:21:42 level=info severity=7 message=*dbLogger-createKitchenLog* **KITCHEN LOG ENTRY ID: 7024082200011116** createIngredientStock|subjectID:1324082200011114|oldValue:null|newValue:null name= code=undefined userID=ade96f70-4ec5-4ab9-adfe-0645b16e1ced isOperational= stack=
2024-08-22T12:21:42 level=info severity=7 message=*shoppingLists-receiveItems* Received 1 items for shoppingList 2624070100000001 name= code=undefined userID=ade96f70-4ec5-4ab9-adfe-0645b16e1ced isOperational= stack=
2024-08-22T12:21:42 level=info severity=7 message=*dbLogger-createShoppingLog* **SHOPPING LOG ENTRY ID: 7324082200011114** updateShoppingListIngredients-purchasedMeasurement|subjectID:2724082000000010|oldValue:null|newValue:5 name= code=undefined userID=ade96f70-4ec5-4ab9-adfe-0645b16e1ced isOperational= stack=
2024-08-22T12:21:42 level=info severity=7 message=*dbLogger-createShoppingLog* **SHOPPING LOG ENTRY ID: 7324082200011115** updateShoppingListIngredients-purchasedBy|subjectID:2724082000000010|oldValue:null|newValue:4225b995-4211-40ef-aa35-c5f8b70eaa97 name= code=undefined userID=ade96f70-4ec5-4ab9-adfe-0645b16e1ced isOperational= stack=
2024-08-22T12:21:42 level=info severity=7 message=*dbLogger-createShoppingLog* **SHOPPING LOG ENTRY ID: 7324082200011116** updateShoppingListIngredients-store|subjectID:2724082000000010|oldValue:null|newValue:walmart name= code=undefined userID=ade96f70-4ec5-4ab9-adfe-0645b16e1ced isOperational= stack=
2024-08-22T12:21:42 level=info severity=7 message=*pushNotifications-getOtherUserPushTokens* Got 4 push tokens for other user: ade96f70-4ec5-4ab9-adfe-0645b16e1ced name= code=undefined userID=ade96f70-4ec5-4ab9-adfe-0645b16e1ced isOperational= stack=
2024-08-22T12:21:42 level=info severity=7 message=*shoppingLists-getShoppingLists* Got 1 shopping lists name= code=undefined userID=4225b995-4211-40ef-aa35-c5f8b70eaa97 isOperational= stack=
2024-08-22T12:21:42 level=info severity=7 message=*pushNotifications-sendNotification* in sendNotification: destTokens: [object Object],[object Object],[object Object],[object Object], type: notifyFriendListProgress, data: {"purchasedBy":"oc_grilled","itemCount":1} name= code=undefined userID=0 isOperational= stack=
2024-08-22T12:21:42 level=info severity=7 message=*firebaseHandler-sendTokenNotification*  Sending Notification: {"data":{"type":"notifyFriendListProgress","message":"Shopping List Progress"},"notification":{"title":"Shopping List Progress","body":"oc_grilled bought 1 items from your shared shopping list"},"token":"d7HbTaeO9Eisp7lZmQ2OFw:APA91bG124AHOAvVICzo2eZ3Sq5g6UYjzpGlXT4D1LBb1sZGVpsQ3y2HUCKeMcSfW8Reb-YYd4x42t0xnW-K5UAr9dGSw7VX1ie_xbIBruwHxcw2zenauCarJfZeke3n6npP31UajfTU"} name= code=undefined userID=0 isOperational= stack=
2024-08-22T12:21:42 level=info severity=7 message=*firebaseHandler-sendTokenNotification*  Sending Notification: {"data":{"type":"notifyFriendListProgress","message":"Shopping List Progress"},"notification":{"title":"Shopping List Progress","body":"oc_grilled bought 1 items from your shared shopping list"},"token":"fokOWQvz_ELclCb7lUPq_X:APA91bF1Gypq4JL_MaLzTn1wDf1EUuDdT7HOAl2VDwBLEJofLawkohFQvZ5paJ2VRPwXVMyCSOZ7zmhLXGef-4n-UJjfNn7ijfF3GrW_l2XvsjOf7R6dKDQKhRIHHrAz02HJotEHTH1h"} name= code=undefined userID=0 isOperational= stack=
2024-08-22T12:21:42 level=info severity=7 message=*firebaseHandler-sendTokenNotification*  Sending Notification: {"data":{"type":"notifyFriendListProgress","message":"Shopping List Progress"},"notification":{"title":"Shopping List Progress","body":"oc_grilled bought 1 items from your shared shopping list"},"token":"eYFpTg9jJ0RAgpQYP_hy3z:APA91bFQyx3HbzLEnsfEaT8CoaRRDX6AzAcvV8xcoZlMWkPMF4Vaib0t0iJdkFOKiVQsZj7-8V3tdbZfoGB4rO-cCA9T7gQIdyofwGlTFxKZ1n8VByzqqQ4fFri4oiQMcL8ViC9ecQi9"} name= code=undefined userID=0 isOperational= stack=
2024-08-22T12:21:42 level=info severity=7 message=*firebaseHandler-sendTokenNotification*  Sending Notification: {"data":{"type":"notifyFriendListProgress","message":"Shopping List Progress"},"notification":{"title":"Shopping List Progress","body":"oc_grilled bought 1 items from your shared shopping list"},"token":"d6V4hT0gTouWW5j-g5qLKR:APA91bHklkgQh7cDlLC-_Wx7m_cBTA1Lj_0zdf5uqhHcli9xKl8sc3OVFGUkUf0kj73HcHNBIsZvFfoJyYygQhhwtHQy-b8Cy6vVFke5KasBXj1IWevznjqeJHXrZxgHo1wc_4jV2Cnf"} name= code=undefined userID=0 isOperational= stack=
2024-08-22T12:21:43 level=info severity=7 message=*listRecipes-getRecipesByShoppingList* Got 1 recipes for shoppingList 2624062600022223 name= code=undefined userID=4225b995-4211-40ef-aa35-c5f8b70eaa97 isOperational= stack=
2024-08-22T12:21:43 level=info severity=7 message=*listIngredients-getIngredientsByShoppingList* Got 2 shoppingListIngredients for shoppingList: 2624062600022223 name= code=undefined userID=0 isOperational= stack=
2024-08-22T12:21:43 level=info severity=7 message=*firebaseHandler-sendTokenNotification* Successfully sent token message: projects/doughly/messages/1724354503131209 name= code=undefined userID=0 isOperational= stack=
2024-08-22T12:21:43 level=info severity=7 message=*firebaseHandler-sendTokenNotification* Successfully sent token message: projects/doughly/messages/1724354503141321 name= code=undefined userID=0 isOperational= stack=
2024-08-22T12:21:43 level=info severity=7 message=*firebaseHandler-sendTokenNotification* Successfully sent token message: projects/doughly/messages/1724354503128169 name= code=undefined userID=0 isOperational= stack=
2024-08-22T12:21:43 level=error severity=7 message=*firebaseHandler-sendTokenNotifications* Error sending notification to token d6V4hT0gTouWW5j-g5qLKR:APA91bHklkgQh7cDlLC-_Wx7m_cBTA1Lj_0zdf5uqhHcli9xKl8sc3OVFGUkUf0kj73HcHNBIsZvFfoJyYygQhhwtHQy-b8Cy6vVFke5KasBXj1IWevznjqeJHXrZxgHo1wc_4jV2Cnf: Requested entity was not found. name= code=undefined userID=0 isOperational= stack=
