::1 - - [18/May/2023:06:04:18 +0000] "GET /clients HTTP/1.1" 500 1388 "-" "Mozilla/5.0 (Windows NT; Windows NT 10.0; en-US) WindowsPowerShell/5.1.22621.1037"
::1 - - [18/May/2023:06:05:21 +0000] "GET /clients HTTP/1.1" 500 1388 "-" "Mozilla/5.0 (Windows NT; Windows NT 10.0; en-US) WindowsPowerShell/5.1.22621.1037"
::1 - - [18/May/2023:06:05:48 +0000] "GET /clients HTTP/1.1" 500 1388 "-" "Mozilla/5.0 (Windows NT; Windows NT 10.0; en-US) WindowsPowerShell/5.1.22621.1037"
::1 - - [18/May/2023:06:06:48 +0000] "GET /clients HTTP/1.1" 500 1322 "-" "Mozilla/5.0 (Windows NT; Windows NT 10.0; en-US) WindowsPowerShell/5.1.22621.1037"
::1 - - [18/May/2023:06:11:02 +0000] "GET /clients HTTP/1.1" 500 1323 "-" "Mozilla/5.0 (Windows NT; Windows NT 10.0; en-US) WindowsPowerShell/5.1.22621.1037"
::1 - - [18/May/2023:06:13:48 +0000] "GET /clients HTTP/1.1" 500 1323 "-" "Mozilla/5.0 (Windows NT; Windows NT 10.0; en-US) WindowsPowerShell/5.1.22621.1037"
::1 - - [18/May/2023:06:18:00 +0000] "GET /clients HTTP/1.1" 500 1323 "-" "Mozilla/5.0 (Windows NT; Windows NT 10.0; en-US) WindowsPowerShell/5.1.22621.1037"
::1 - - [18/May/2023:06:19:56 +0000] "GET /clients HTTP/1.1" 200 348 "-" "Mozilla/5.0 (Windows NT; Windows NT 10.0; en-US) WindowsPowerShell/5.1.22621.1037"
::1 - - [18/May/2023:06:55:39 +0000] "GET /clients HTTP/1.1" 500 483 "-" "Mozilla/5.0 (Windows NT; Windows NT 10.0; en-US) WindowsPowerShell/5.1.22621.1037"
::1 - - [18/May/2023:06:57:26 +0000] "GET /clients HTTP/1.1" 500 483 "-" "Mozilla/5.0 (Windows NT; Windows NT 10.0; en-US) WindowsPowerShell/5.1.22621.1037"
::1 - - [18/May/2023:06:58:00 +0000] "GET /clients HTTP/1.1" 500 1334 "-" "Mozilla/5.0 (Windows NT; Windows NT 10.0; en-US) WindowsPowerShell/5.1.22621.1037"
::1 - - [18/May/2023:06:59:02 +0000] "GET /clients HTTP/1.1" 200 61 "-" "Mozilla/5.0 (Windows NT; Windows NT 10.0; en-US) WindowsPowerShell/5.1.22621.1037"
::1 - - [18/May/2023:07:04:31 +0000] "GET /clients HTTP/1.1" 200 84 "-" "Mozilla/5.0 (Windows NT; Windows NT 10.0; en-US) WindowsPowerShell/5.1.22621.1037"
::1 - - [18/May/2023:07:05:26 +0000] "GET /clients HTTP/1.1" 200 84 "-" "Mozilla/5.0 (Windows NT; Windows NT 10.0; en-US) WindowsPowerShell/5.1.22621.1037"
::1 - - [18/May/2023:07:06:37 +0000] "GET /clients HTTP/1.1" 200 47 "-" "Mozilla/5.0 (Windows NT; Windows NT 10.0; en-US) WindowsPowerShell/5.1.22621.1037"
::1 - - [18/May/2023:07:07:24 +0000] "GET /clients HTTP/1.1" 200 2 "-" "Mozilla/5.0 (Windows NT; Windows NT 10.0; en-US) WindowsPowerShell/5.1.22621.1037"
::1 - - [18/May/2023:07:07:46 +0000] "GET /clients HTTP/1.1" 500 1323 "-" "Mozilla/5.0 (Windows NT; Windows NT 10.0; en-US) WindowsPowerShell/5.1.22621.1037"
::1 - - [19/May/2023:22:17:14 +0000] "GET /clients HTTP/1.1" 500 1323 "-" "PostmanRuntime/7.29.0"
::1 - - [19/May/2023:22:18:19 +0000] "GET /clients HTTP/1.1" 200 2 "-" "PostmanRuntime/7.29.0"
::1 - - [19/May/2023:22:19:07 +0000] "POST /clients HTTP/1.1" 500 1334 "-" "PostmanRuntime/7.29.0"
::1 - - [19/May/2023:22:19:52 +0000] "POST /clients HTTP/1.1" 200 71 "-" "PostmanRuntime/7.29.0"
::1 - - [19/May/2023:22:36:12 +0000] "POST /clients HTTP/1.1" 200 35 "-" "PostmanRuntime/7.29.0"
::1 - - [19/May/2023:22:37:52 +0000] "POST /clients HTTP/1.1" 200 35 "-" "PostmanRuntime/7.29.0"
::1 - - [19/May/2023:22:38:37 +0000] "POST /clients HTTP/1.1" 200 102 "-" "PostmanRuntime/7.29.0"
::1 - - [19/May/2023:23:06:41 +0000] "POST /clients HTTP/1.1" 500 1308 "-" "PostmanRuntime/7.29.0"
::1 - - [19/May/2023:23:16:03 +0000] "POST /clients HTTP/1.1" 500 1341 "-" "PostmanRuntime/7.29.0"
::1 - - [19/May/2023:23:42:20 +0000] "GET /clients HTTP/1.1" 200 2 "-" "PostmanRuntime/7.29.0"
::1 - - [19/May/2023:23:42:23 +0000] "POST /clients HTTP/1.1" 500 1291 "-" "PostmanRuntime/7.29.0"
::1 - - [19/May/2023:23:43:41 +0000] "POST /clients HTTP/1.1" 500 1291 "-" "PostmanRuntime/7.29.0"
::1 - - [19/May/2023:23:44:42 +0000] "POST /clients HTTP/1.1" 500 1059 "-" "PostmanRuntime/7.29.0"
::1 - - [19/May/2023:23:45:57 +0000] "POST /clients HTTP/1.1" 500 1291 "-" "PostmanRuntime/7.29.0"
::1 - - [19/May/2023:23:46:49 +0000] "POST /persons HTTP/1.1" 404 147 "-" "axios/1.4.0"
::1 - - [19/May/2023:23:46:49 +0000] "POST /clients HTTP/1.1" 500 658 "-" "PostmanRuntime/7.29.0"
::1 - - [19/May/2023:23:48:20 +0000] "POST /persons HTTP/1.1" 404 147 "-" "axios/1.4.0"
::1 - - [19/May/2023:23:48:20 +0000] "POST /clients HTTP/1.1" 500 658 "-" "PostmanRuntime/7.29.0"
::1 - - [19/May/2023:23:49:44 +0000] "POST /persons HTTP/1.1" 404 147 "-" "axios/1.4.0"
::1 - - [19/May/2023:23:49:44 +0000] "POST /clients HTTP/1.1" 500 658 "-" "PostmanRuntime/7.29.0"
::1 - - [19/May/2023:23:50:21 +0000] "POST /persons HTTP/1.1" 404 147 "-" "axios/1.4.0"
::1 - - [19/May/2023:23:50:21 +0000] "POST /clients HTTP/1.1" 500 658 "-" "PostmanRuntime/7.29.0"
::1 - - [19/May/2023:23:51:00 +0000] "POST /persons HTTP/1.1" 200 45 "-" "axios/1.4.0"
::1 - - [19/May/2023:23:51:00 +0000] "POST /clients HTTP/1.1" 200 2 "-" "PostmanRuntime/7.29.0"
::1 - - [19/May/2023:23:51:53 +0000] "POST /persons HTTP/1.1" 200 17 "-" "axios/1.4.0"
::1 - - [19/May/2023:23:51:53 +0000] "POST /clients HTTP/1.1" 200 2 "-" "PostmanRuntime/7.29.0"
::1 - - [19/May/2023:23:53:40 +0000] "POST /persons HTTP/1.1" 200 17 "-" "axios/1.4.0"
::1 - - [19/May/2023:23:53:40 +0000] "POST /clients HTTP/1.1" 500 801 "-" "PostmanRuntime/7.29.0"
::1 - - [19/May/2023:23:55:55 +0000] "POST /persons HTTP/1.1" 200 17 "-" "axios/1.4.0"
::1 - - [19/May/2023:23:55:55 +0000] "POST /clients HTTP/1.1" 200 2 "-" "PostmanRuntime/7.29.0"
::1 - - [19/May/2023:23:58:03 +0000] "POST /persons HTTP/1.1" 200 17 "-" "axios/1.4.0"
::1 - - [19/May/2023:23:58:03 +0000] "POST /clients HTTP/1.1" 500 801 "-" "PostmanRuntime/7.29.0"
::1 - - [19/May/2023:23:58:51 +0000] "POST /persons HTTP/1.1" 200 17 "-" "axios/1.4.0"
::1 - - [19/May/2023:23:58:51 +0000] "POST /clients HTTP/1.1" 200 2 "-" "PostmanRuntime/7.29.0"
::1 - - [19/May/2023:23:59:25 +0000] "POST /persons HTTP/1.1" 200 17 "-" "axios/1.4.0"
::1 - - [19/May/2023:23:59:25 +0000] "POST /clients HTTP/1.1" 200 2 "-" "PostmanRuntime/7.29.0"
::1 - - [20/May/2023:00:00:39 +0000] "POST /persons HTTP/1.1" 200 15 "-" "axios/1.4.0"
::1 - - [20/May/2023:00:00:39 +0000] "POST /clients HTTP/1.1" 200 2 "-" "PostmanRuntime/7.29.0"
::1 - - [20/May/2023:00:03:04 +0000] "POST /persons HTTP/1.1" 200 45 "-" "axios/1.4.0"
::1 - - [20/May/2023:00:03:04 +0000] "POST /clients HTTP/1.1" 200 2 "-" "PostmanRuntime/7.29.0"
::1 - - [20/May/2023:00:03:24 +0000] "POST /persons HTTP/1.1" 200 15 "-" "axios/1.4.0"
::1 - - [20/May/2023:00:03:24 +0000] "POST /clients HTTP/1.1" 200 2 "-" "PostmanRuntime/7.29.0"
::1 - - [20/May/2023:00:05:09 +0000] "POST /persons HTTP/1.1" 200 16 "-" "axios/1.4.0"
::1 - - [20/May/2023:00:05:09 +0000] "POST /clients HTTP/1.1" 200 2 "-" "PostmanRuntime/7.29.0"
::1 - - [20/May/2023:00:07:13 +0000] "POST /persons HTTP/1.1" 200 16 "-" "axios/1.4.0"
::1 - - [20/May/2023:00:07:13 +0000] "POST /clients HTTP/1.1" 200 2 "-" "PostmanRuntime/7.29.0"
::1 - - [20/May/2023:00:11:20 +0000] "POST /persons HTTP/1.1" 200 16 "-" "axios/1.4.0"
::1 - - [20/May/2023:00:11:20 +0000] "POST /clients HTTP/1.1" 500 541 "-" "PostmanRuntime/7.29.0"
::1 - - [20/May/2023:00:13:34 +0000] "POST /persons HTTP/1.1" 200 16 "-" "axios/1.4.0"
::1 - - [20/May/2023:00:13:34 +0000] "POST /clients HTTP/1.1" 200 2 "-" "PostmanRuntime/7.29.0"
::1 - - [20/May/2023:00:20:54 +0000] "POST /persons HTTP/1.1" 200 16 "-" "axios/1.4.0"
::1 - - [20/May/2023:00:20:54 +0000] "POST /clients HTTP/1.1" 200 2 "-" "PostmanRuntime/7.29.0"
::1 - - [20/May/2023:00:21:24 +0000] "POST /persons HTTP/1.1" 200 16 "-" "axios/1.4.0"
::1 - - [20/May/2023:00:21:24 +0000] "POST /clients HTTP/1.1" 500 1301 "-" "PostmanRuntime/7.29.0"
::1 - - [20/May/2023:00:23:01 +0000] "POST /persons HTTP/1.1" 200 16 "-" "axios/1.4.0"
::1 - - [20/May/2023:00:23:01 +0000] "DELETE /persons/undefined HTTP/1.1" 200 64 "-" "axios/1.4.0"
::1 - - [20/May/2023:00:23:01 +0000] "POST /clients HTTP/1.1" 200 69 "-" "PostmanRuntime/7.29.0"
::1 - - [20/May/2023:00:29:53 +0000] "POST /persons HTTP/1.1" 200 16 "-" "axios/1.4.0"
::1 - - [20/May/2023:00:29:53 +0000] "DELETE /persons/17 HTTP/1.1" 500 1356 "-" "axios/1.4.0"
::1 - - [20/May/2023:00:29:53 +0000] "POST /clients HTTP/1.1" 500 658 "-" "PostmanRuntime/7.29.0"
::1 - - [20/May/2023:00:31:08 +0000] "POST /persons HTTP/1.1" 200 16 "-" "axios/1.4.0"
::1 - - [20/May/2023:00:31:09 +0000] "DELETE /persons/18 HTTP/1.1" 200 78 "-" "axios/1.4.0"
::1 - - [20/May/2023:00:31:09 +0000] "POST /clients HTTP/1.1" 200 69 "-" "PostmanRuntime/7.29.0"
::1 - - [20/May/2023:00:37:58 +0000] "POST /persons HTTP/1.1" 200 16 "-" "axios/1.4.0"
::1 - - [20/May/2023:00:37:59 +0000] "DELETE /persons/19 HTTP/1.1" 200 64 "-" "axios/1.4.0"
::1 - - [20/May/2023:00:37:59 +0000] "POST /clients HTTP/1.1" 200 69 "-" "PostmanRuntime/7.29.0"
::1 - - [20/May/2023:00:39:46 +0000] "POST /persons HTTP/1.1" 200 16 "-" "axios/1.4.0"
::1 - - [20/May/2023:00:39:46 +0000] "DELETE /persons/20 HTTP/1.1" 200 64 "-" "axios/1.4.0"
::1 - - [20/May/2023:00:39:46 +0000] "POST /clients HTTP/1.1" 200 69 "-" "PostmanRuntime/7.29.0"
::1 - - [20/May/2023:00:42:29 +0000] "POST /persons HTTP/1.1" 200 16 "-" "axios/1.4.0"
::1 - - [20/May/2023:00:42:29 +0000] "DELETE /persons/21 HTTP/1.1" 200 78 "-" "axios/1.4.0"
::1 - - [20/May/2023:00:42:29 +0000] "POST /clients HTTP/1.1" 200 69 "-" "PostmanRuntime/7.29.0"
::1 - - [20/May/2023:00:44:13 +0000] "POST /persons HTTP/1.1" 200 16 "-" "axios/1.4.0"
::1 - - [20/May/2023:00:44:14 +0000] "DELETE /persons/22 HTTP/1.1" 200 78 "-" "axios/1.4.0"
::1 - - [20/May/2023:00:44:14 +0000] "POST /clients HTTP/1.1" 200 69 "-" "PostmanRuntime/7.29.0"
::1 - - [20/May/2023:00:46:43 +0000] "POST /persons HTTP/1.1" 200 16 "-" "axios/1.4.0"
::1 - - [20/May/2023:00:46:43 +0000] "DELETE /persons/23 HTTP/1.1" 200 4 "-" "axios/1.4.0"
::1 - - [20/May/2023:00:46:43 +0000] "POST /clients HTTP/1.1" 200 69 "-" "PostmanRuntime/7.29.0"
::1 - - [20/May/2023:00:47:32 +0000] "POST /persons HTTP/1.1" 200 16 "-" "axios/1.4.0"
::1 - - [20/May/2023:00:47:32 +0000] "POST /clients HTTP/1.1" 200 17 "-" "PostmanRuntime/7.29.0"
::1 - - [20/May/2023:00:47:58 +0000] "GET /clients HTTP/1.1" 200 73 "-" "PostmanRuntime/7.29.0"
::1 - - [20/May/2023:02:49:05 +0000] "GET /persons/24 HTTP/1.1" 500 1330 "-" "PostmanRuntime/7.29.0"
::1 - - [20/May/2023:02:49:53 +0000] "GET /persons/24 HTTP/1.1" 500 1330 "-" "PostmanRuntime/7.29.0"
::1 - - [20/May/2023:02:50:42 +0000] "GET /persons/24 HTTP/1.1" 200 50 "-" "PostmanRuntime/7.29.0"
::1 - - [20/May/2023:02:51:58 +0000] "GET /persons/24 HTTP/1.1" 200 50 "-" "PostmanRuntime/7.29.0"
::1 - - [20/May/2023:02:52:15 +0000] "GET /persons/24 HTTP/1.1" 200 50 "-" "PostmanRuntime/7.29.0"
::1 - - [20/May/2023:02:52:34 +0000] "GET /persons/24 HTTP/1.1" 200 4 "-" "PostmanRuntime/7.29.0"
